This is TeX, Version 3.14159 (Web2C 7.4.5) (format=latex 2003.3.8)  19 NOV 2004 19:02
**Tutorial.tex
(./Tutorial.tex
LaTeX2e <2001/06/01>
Babel <v3.7h> and hyphenation patterns for american, french, german, ngerman, n
ohyphenation, loaded.
(/usr/share/texmf/tex/latex/base/article.cls
Document Class: article 2001/04/21 v1.4e Standard LaTeX document class
(/usr/share/texmf/tex/latex/base/size12.clo
File: size12.clo 2001/04/21 v1.4e Standard LaTeX file (size option)
)
\c@part=\count79
\c@section=\count80
\c@subsection=\count81
\c@subsubsection=\count82
\c@paragraph=\count83
\c@subparagraph=\count84
\c@figure=\count85
\c@table=\count86
\abovecaptionskip=\skip41
\belowcaptionskip=\skip42
\bibindent=\dimen102
) (./listings.sty
Package: listings 2002/04/01 1.0 (Carsten Heinz)

(/usr/share/texmf/tex/latex/graphics/keyval.sty
Package: keyval 1999/03/16 v1.13 key=value parser (DPC)
\KV@toks@=\toks14
)
\lst@mode=\count87
\lst@gtempboxa=\box26
\lst@token=\toks15
\lst@length=\count88
\lst@currlwidth=\dimen103
\lst@column=\count89
\lst@pos=\count90
\lst@lostspace=\dimen104
\lst@width=\dimen105
\lst@newlines=\count91
\lst@lineno=\count92
\c@lstlisting=\count93
\lst@maxwidth=\dimen106

(/usr/share/texmf/tex/latex/listings/lstpatch.sty

***
*** This is a patch for listings 1.3, but you're using
*** version 1.0.
***
*** Patch file not loaded.
***

) (/usr/share/texmf/tex/latex/listings-original/lstmisc.sty
File: lstmisc.sty 2002/04/01 1.0 (Carsten Heinz)
\c@lstnumber=\count94
\lst@skipnumbers=\count95
\lst@framebox=\box27
)
(/usr/share/texmf/tex/latex/listings-original/listings.cfg
File: listings.cfg 2002/04/01 v1.0 listings configuration
)) (./Tutorial.aux)
\openout1 = `Tutorial.aux'.

LaTeX Font Info:    Checking defaults for OML/cmm/m/it on input line 5.
LaTeX Font Info:    ... okay on input line 5.
LaTeX Font Info:    Checking defaults for T1/cmr/m/n on input line 5.
LaTeX Font Info:    ... okay on input line 5.
LaTeX Font Info:    Checking defaults for OT1/cmr/m/n on input line 5.
LaTeX Font Info:    ... okay on input line 5.
LaTeX Font Info:    Checking defaults for OMS/cmsy/m/n on input line 5.
LaTeX Font Info:    ... okay on input line 5.
LaTeX Font Info:    Checking defaults for OMX/cmex/m/n on input line 5.
LaTeX Font Info:    ... okay on input line 5.
LaTeX Font Info:    Checking defaults for U/cmr/m/n on input line 5.
LaTeX Font Info:    ... okay on input line 5.
LaTeX Font Info:    External font `cmex10' loaded for size
(Font)              <14.4> on input line 10.
LaTeX Font Info:    External font `cmex10' loaded for size
(Font)              <7> on input line 10.
LaTeX Font Info:    Try loading font information for OMS+cmr on input line 42.

(/usr/share/texmf/tex/latex/base/omscmr.fd
File: omscmr.fd 1999/05/25 v2.5h Standard LaTeX font definitions
)
LaTeX Font Info:    Font shape `OMS/cmr/m/n' in size <12> not available
(Font)              Font shape `OMS/cmsy/m/n' tried instead on input line 42.
 [1

] (./Makefile.tex
LaTeX Font Info:    External font `cmex10' loaded for size
(Font)              <12> on input line 8.
LaTeX Font Info:    External font `cmex10' loaded for size
(Font)              <8> on input line 8.
LaTeX Font Info:    External font `cmex10' loaded for size
(Font)              <6> on input line 8.

Overfull \hbox (61.19922pt too wide) in paragraph at lines 13--14
[][][][][][][][][][][][][][][][][][][] 
 []


Overfull \hbox (18.89929pt too wide) in paragraph at lines 14--16
[][][][][][][][][][][][][][][][][][][] 
 []


Overfull \hbox (47.09924pt too wide) in paragraph at lines 18--20
[][][][][][][][][][][][][][][][][][][][][][][][][][][][] 
 []

[2]
LaTeX Font Info:    Try loading font information for OML+cmr on input line 36.
 (/usr/share/texmf/tex/latex/base/omlcmr.fd
File: omlcmr.fd 1999/05/25 v2.5h Standard LaTeX font definitions
)
LaTeX Font Info:    Font shape `OML/cmr/m/n' in size <12> not available
(Font)              Font shape `OML/cmm/m/it' tried instead on input line 36.
) (./Compute.h) (./TestCompute.c) [3] (./Compute1.c) (./Compute.c) (./Main.c) [
4] (./Tutorial.aux) ) 
Here is how much of TeX's memory you used:
 1364 strings out of 95847
 18699 string characters out of 1195949
 74989 words of memory out of 1000001
 4325 multiletter control sequences out of 10000+50000
 8670 words of font info for 31 fonts, out of 500000 for 1000
 14 hyphenation exceptions out of 1000
 29i,6n,42p,169b,679s stack positions out of 1500i,500n,5000p,200000b,5000s

Output written on Tutorial.dvi (4 pages, 9188 bytes).
